2018-05-02 14:43:06 [scrapy.utils.log] INFO: Scrapy 1.5.0 started (bot: lianjia)
2018-05-02 14:43:06 [scrapy.utils.log] INFO: Versions: lxml 4.2.1.0, libxml2 2.9.8, cssselect 1.0.3, parsel 1.4.0, w3lib 1.19.0, Twisted 17.9.0, Python 3.6.3 (v3.6.3:2c5fed86e0, Oct  3 2017, 00:32:08) - [GCC 4.2.1 (Apple Inc. build 5666) (dot 3)], pyOpenSSL 17.5.0 (OpenSSL 1.1.0h  27 Mar 2018), cryptography 2.2.2, Platform Darwin-16.7.0-x86_64-i386-64bit
2018-05-02 14:43:06 [scrapy.crawler] INFO: Overridden settings: {'BOT_NAME': 'lianjia', 'COOKIES_ENABLED': False, 'DOWNLOAD_DELAY': 3, 'LOG_FILE': 'zufang.log', 'NEWSPIDER_MODULE': 'lianjia.spiders', 'SPIDER_MODULES': ['lianjia.spiders'], 'USER_AGENT': 'Mozilla/5.0 (Macintosh; Intel Mac OS X 10_12_6) AppleWebKit/537.36 (KHTML, like Gecko) Chrome/65.0.3325.181 Safari/537.36'}
2018-05-02 14:43:06 [scrapy.middleware] INFO: Enabled extensions:
['scrapy.extensions.corestats.CoreStats',
 'scrapy.extensions.telnet.TelnetConsole',
 'scrapy.extensions.memusage.MemoryUsage',
 'scrapy.extensions.logstats.LogStats']
2018-05-02 14:43:06 [py.warnings] WARNING: /Users/zouyan/venv/lib/python3.6/site-packages/scrapy/utils/deprecate.py:156: ScrapyDeprecationWarning: `scrapy.contrib.downloadermiddleware.useragent.UserAgentMiddleware` class is deprecated, use `scrapy.downloadermiddlewares.useragent.UserAgentMiddleware` instead
  ScrapyDeprecationWarning)

2018-05-02 14:43:06 [scrapy.middleware] INFO: Enabled downloader middlewares:
['scrapy.downloadermiddlewares.httpauth.HttpAuthMiddleware',
 'scrapy.downloadermiddlewares.downloadtimeout.DownloadTimeoutMiddleware',
 'scrapy.downloadermiddlewares.defaultheaders.DefaultHeadersMiddleware',
 'lianjia.middlewares.LianjiaDownloaderMiddleware',
 'scrapy.downloadermiddlewares.retry.RetryMiddleware',
 'scrapy.downloadermiddlewares.redirect.MetaRefreshMiddleware',
 'scrapy.downloadermiddlewares.httpcompression.HttpCompressionMiddleware',
 'scrapy.downloadermiddlewares.redirect.RedirectMiddleware',
 'scrapy.downloadermiddlewares.httpproxy.HttpProxyMiddleware',
 'scrapy.downloadermiddlewares.stats.DownloaderStats']
2018-05-02 14:43:06 [scrapy.middleware] INFO: Enabled spider middlewares:
['scrapy.spidermiddlewares.httperror.HttpErrorMiddleware',
 'scrapy.spidermiddlewares.offsite.OffsiteMiddleware',
 'scrapy.spidermiddlewares.referer.RefererMiddleware',
 'scrapy.spidermiddlewares.urllength.UrlLengthMiddleware',
 'scrapy.spidermiddlewares.depth.DepthMiddleware']
2018-05-02 14:43:06 [scrapy.middleware] INFO: Enabled item pipelines:
['lianjia.pipelines.ZuFangPipline']
2018-05-02 14:43:06 [scrapy.core.engine] INFO: Spider opened
2018-05-02 14:43:06 [scrapy.extensions.logstats] INFO: Crawled 0 pages (at 0 pages/min), scraped 0 items (at 0 items/min)
2018-05-02 14:43:06 [zufang] INFO: Spider opened: zufang
2018-05-02 14:43:06 [scrapy.extensions.telnet] DEBUG: Telnet console listening on 127.0.0.1:6023
2018-05-02 14:43:06 [scrapy.core.engine] DEBUG: Crawled (200) <GET https://sh.lianjia.com/zufang/beicai/> (referer: None)
2018-05-02 14:43:07 [scrapy.core.scraper] ERROR: Spider error processing <GET https://sh.lianjia.com/zufang/beicai/> (referer: None)
Traceback (most recent call last):
  File "/Users/zouyan/venv/lib/python3.6/site-packages/scrapy/utils/defer.py", line 102, in iter_errback
    yield next(it)
  File "/Users/zouyan/venv/lib/python3.6/site-packages/scrapy/spidermiddlewares/offsite.py", line 30, in process_spider_output
    for x in result:
  File "/Users/zouyan/venv/lib/python3.6/site-packages/scrapy/spidermiddlewares/referer.py", line 339, in <genexpr>
    return (_set_referer(r) for r in result or ())
  File "/Users/zouyan/venv/lib/python3.6/site-packages/scrapy/spidermiddlewares/urllength.py", line 37, in <genexpr>
    return (r for r in result or () if _filter(r))
  File "/Users/zouyan/venv/lib/python3.6/site-packages/scrapy/spidermiddlewares/depth.py", line 58, in <genexpr>
    return (r for r in result or () if _filter(r))
  File "/Users/zouyan/IdeaProjects/lianjia/lianjia/spiders/ganji.py", line 46, in parse
    yield scrapy.Request(link, callback=self.parse_info)
AttributeError: 'GanjiSpdier' object has no attribute 'parse_info'
2018-05-02 14:43:11 [scrapy.core.engine] DEBUG: Crawled (200) <GET https://sh.lianjia.com/zufang/107100111741.html> (referer: https://sh.lianjia.com/zufang/beicai/)
2018-05-02 14:43:11 [scrapy.core.scraper] ERROR: Spider error processing <GET https://sh.lianjia.com/zufang/107100111741.html> (referer: https://sh.lianjia.com/zufang/beicai/)
Traceback (most recent call last):
  File "/Users/zouyan/venv/lib/python3.6/site-packages/scrapy/utils/defer.py", line 102, in iter_errback
    yield next(it)
  File "/Users/zouyan/venv/lib/python3.6/site-packages/scrapy/spidermiddlewares/offsite.py", line 30, in process_spider_output
    for x in result:
  File "/Users/zouyan/venv/lib/python3.6/site-packages/scrapy/spidermiddlewares/referer.py", line 339, in <genexpr>
    return (_set_referer(r) for r in result or ())
  File "/Users/zouyan/venv/lib/python3.6/site-packages/scrapy/spidermiddlewares/urllength.py", line 37, in <genexpr>
    return (r for r in result or () if _filter(r))
  File "/Users/zouyan/venv/lib/python3.6/site-packages/scrapy/spidermiddlewares/depth.py", line 58, in <genexpr>
    return (r for r in result or () if _filter(r))
  File "/Users/zouyan/IdeaProjects/lianjia/lianjia/spiders/ganji.py", line 52, in parse_item
    name = response.xpath("//h1[@class='detailTitle']/text()").extract()[0]
IndexError: list index out of range
2018-05-02 14:43:13 [scrapy.core.engine] DEBUG: Crawled (200) <GET https://sh.lianjia.com/zufang/107100225196.html> (referer: https://sh.lianjia.com/zufang/beicai/)
2018-05-02 14:43:13 [scrapy.core.scraper] ERROR: Spider error processing <GET https://sh.lianjia.com/zufang/107100225196.html> (referer: https://sh.lianjia.com/zufang/beicai/)
Traceback (most recent call last):
  File "/Users/zouyan/venv/lib/python3.6/site-packages/scrapy/utils/defer.py", line 102, in iter_errback
    yield next(it)
  File "/Users/zouyan/venv/lib/python3.6/site-packages/scrapy/spidermiddlewares/offsite.py", line 30, in process_spider_output
    for x in result:
  File "/Users/zouyan/venv/lib/python3.6/site-packages/scrapy/spidermiddlewares/referer.py", line 339, in <genexpr>
    return (_set_referer(r) for r in result or ())
  File "/Users/zouyan/venv/lib/python3.6/site-packages/scrapy/spidermiddlewares/urllength.py", line 37, in <genexpr>
    return (r for r in result or () if _filter(r))
  File "/Users/zouyan/venv/lib/python3.6/site-packages/scrapy/spidermiddlewares/depth.py", line 58, in <genexpr>
    return (r for r in result or () if _filter(r))
  File "/Users/zouyan/IdeaProjects/lianjia/lianjia/spiders/ganji.py", line 52, in parse_item
    name = response.xpath("//h1[@class='detailTitle']/text()").extract()[0]
IndexError: list index out of range
2018-05-02 14:43:16 [scrapy.crawler] INFO: Received SIG_UNBLOCK, shutting down gracefully. Send again to force 
2018-05-02 14:43:16 [scrapy.core.engine] INFO: Closing spider (shutdown)
2018-05-02 14:43:17 [scrapy.core.engine] DEBUG: Crawled (200) <GET https://sh.lianjia.com/zufang/107100225946.html> (referer: https://sh.lianjia.com/zufang/beicai/)
2018-05-02 14:43:18 [scrapy.core.scraper] ERROR: Spider error processing <GET https://sh.lianjia.com/zufang/107100225946.html> (referer: https://sh.lianjia.com/zufang/beicai/)
Traceback (most recent call last):
  File "/Users/zouyan/venv/lib/python3.6/site-packages/scrapy/utils/defer.py", line 102, in iter_errback
    yield next(it)
  File "/Users/zouyan/venv/lib/python3.6/site-packages/scrapy/spidermiddlewares/offsite.py", line 30, in process_spider_output
    for x in result:
  File "/Users/zouyan/venv/lib/python3.6/site-packages/scrapy/spidermiddlewares/referer.py", line 339, in <genexpr>
    return (_set_referer(r) for r in result or ())
  File "/Users/zouyan/venv/lib/python3.6/site-packages/scrapy/spidermiddlewares/urllength.py", line 37, in <genexpr>
    return (r for r in result or () if _filter(r))
  File "/Users/zouyan/venv/lib/python3.6/site-packages/scrapy/spidermiddlewares/depth.py", line 58, in <genexpr>
    return (r for r in result or () if _filter(r))
  File "/Users/zouyan/IdeaProjects/lianjia/lianjia/spiders/ganji.py", line 52, in parse_item
    name = response.xpath("//h1[@class='detailTitle']/text()").extract()[0]
IndexError: list index out of range
2018-05-02 14:43:22 [scrapy.core.engine] DEBUG: Crawled (200) <GET https://sh.lianjia.com/zufang/107100217710.html> (referer: https://sh.lianjia.com/zufang/beicai/)
2018-05-02 14:43:22 [scrapy.core.scraper] ERROR: Spider error processing <GET https://sh.lianjia.com/zufang/107100217710.html> (referer: https://sh.lianjia.com/zufang/beicai/)
Traceback (most recent call last):
  File "/Users/zouyan/venv/lib/python3.6/site-packages/scrapy/utils/defer.py", line 102, in iter_errback
    yield next(it)
  File "/Users/zouyan/venv/lib/python3.6/site-packages/scrapy/spidermiddlewares/offsite.py", line 30, in process_spider_output
    for x in result:
  File "/Users/zouyan/venv/lib/python3.6/site-packages/scrapy/spidermiddlewares/referer.py", line 339, in <genexpr>
    return (_set_referer(r) for r in result or ())
  File "/Users/zouyan/venv/lib/python3.6/site-packages/scrapy/spidermiddlewares/urllength.py", line 37, in <genexpr>
    return (r for r in result or () if _filter(r))
  File "/Users/zouyan/venv/lib/python3.6/site-packages/scrapy/spidermiddlewares/depth.py", line 58, in <genexpr>
    return (r for r in result or () if _filter(r))
  File "/Users/zouyan/IdeaProjects/lianjia/lianjia/spiders/ganji.py", line 52, in parse_item
    name = response.xpath("//h1[@class='detailTitle']/text()").extract()[0]
IndexError: list index out of range
2018-05-02 14:43:26 [scrapy.core.engine] DEBUG: Crawled (200) <GET https://sh.lianjia.com/zufang/107100222053.html> (referer: https://sh.lianjia.com/zufang/beicai/)
2018-05-02 14:43:26 [scrapy.core.scraper] ERROR: Spider error processing <GET https://sh.lianjia.com/zufang/107100222053.html> (referer: https://sh.lianjia.com/zufang/beicai/)
Traceback (most recent call last):
  File "/Users/zouyan/venv/lib/python3.6/site-packages/scrapy/utils/defer.py", line 102, in iter_errback
    yield next(it)
  File "/Users/zouyan/venv/lib/python3.6/site-packages/scrapy/spidermiddlewares/offsite.py", line 30, in process_spider_output
    for x in result:
  File "/Users/zouyan/venv/lib/python3.6/site-packages/scrapy/spidermiddlewares/referer.py", line 339, in <genexpr>
    return (_set_referer(r) for r in result or ())
  File "/Users/zouyan/venv/lib/python3.6/site-packages/scrapy/spidermiddlewares/urllength.py", line 37, in <genexpr>
    return (r for r in result or () if _filter(r))
  File "/Users/zouyan/venv/lib/python3.6/site-packages/scrapy/spidermiddlewares/depth.py", line 58, in <genexpr>
    return (r for r in result or () if _filter(r))
  File "/Users/zouyan/IdeaProjects/lianjia/lianjia/spiders/ganji.py", line 52, in parse_item
    name = response.xpath("//h1[@class='detailTitle']/text()").extract()[0]
IndexError: list index out of range
2018-05-02 14:43:30 [scrapy.core.engine] DEBUG: Crawled (200) <GET https://sh.lianjia.com/zufang/107100212784.html> (referer: https://sh.lianjia.com/zufang/beicai/)
2018-05-02 14:43:30 [scrapy.core.scraper] ERROR: Spider error processing <GET https://sh.lianjia.com/zufang/107100212784.html> (referer: https://sh.lianjia.com/zufang/beicai/)
Traceback (most recent call last):
  File "/Users/zouyan/venv/lib/python3.6/site-packages/scrapy/utils/defer.py", line 102, in iter_errback
    yield next(it)
  File "/Users/zouyan/venv/lib/python3.6/site-packages/scrapy/spidermiddlewares/offsite.py", line 30, in process_spider_output
    for x in result:
  File "/Users/zouyan/venv/lib/python3.6/site-packages/scrapy/spidermiddlewares/referer.py", line 339, in <genexpr>
    return (_set_referer(r) for r in result or ())
  File "/Users/zouyan/venv/lib/python3.6/site-packages/scrapy/spidermiddlewares/urllength.py", line 37, in <genexpr>
    return (r for r in result or () if _filter(r))
  File "/Users/zouyan/venv/lib/python3.6/site-packages/scrapy/spidermiddlewares/depth.py", line 58, in <genexpr>
    return (r for r in result or () if _filter(r))
  File "/Users/zouyan/IdeaProjects/lianjia/lianjia/spiders/ganji.py", line 52, in parse_item
    name = response.xpath("//h1[@class='detailTitle']/text()").extract()[0]
IndexError: list index out of range
2018-05-02 14:43:34 [scrapy.core.engine] DEBUG: Crawled (200) <GET https://sh.lianjia.com/zufang/107100208647.html> (referer: https://sh.lianjia.com/zufang/beicai/)
2018-05-02 14:43:34 [scrapy.core.scraper] ERROR: Spider error processing <GET https://sh.lianjia.com/zufang/107100208647.html> (referer: https://sh.lianjia.com/zufang/beicai/)
Traceback (most recent call last):
  File "/Users/zouyan/venv/lib/python3.6/site-packages/scrapy/utils/defer.py", line 102, in iter_errback
    yield next(it)
  File "/Users/zouyan/venv/lib/python3.6/site-packages/scrapy/spidermiddlewares/offsite.py", line 30, in process_spider_output
    for x in result:
  File "/Users/zouyan/venv/lib/python3.6/site-packages/scrapy/spidermiddlewares/referer.py", line 339, in <genexpr>
    return (_set_referer(r) for r in result or ())
  File "/Users/zouyan/venv/lib/python3.6/site-packages/scrapy/spidermiddlewares/urllength.py", line 37, in <genexpr>
    return (r for r in result or () if _filter(r))
  File "/Users/zouyan/venv/lib/python3.6/site-packages/scrapy/spidermiddlewares/depth.py", line 58, in <genexpr>
    return (r for r in result or () if _filter(r))
  File "/Users/zouyan/IdeaProjects/lianjia/lianjia/spiders/ganji.py", line 52, in parse_item
    name = response.xpath("//h1[@class='detailTitle']/text()").extract()[0]
IndexError: list index out of range
2018-05-02 14:43:38 [scrapy.core.engine] DEBUG: Crawled (200) <GET https://sh.lianjia.com/zufang/107100174024.html> (referer: https://sh.lianjia.com/zufang/beicai/)
2018-05-02 14:43:38 [scrapy.core.scraper] ERROR: Spider error processing <GET https://sh.lianjia.com/zufang/107100174024.html> (referer: https://sh.lianjia.com/zufang/beicai/)
Traceback (most recent call last):
  File "/Users/zouyan/venv/lib/python3.6/site-packages/scrapy/utils/defer.py", line 102, in iter_errback
    yield next(it)
  File "/Users/zouyan/venv/lib/python3.6/site-packages/scrapy/spidermiddlewares/offsite.py", line 30, in process_spider_output
    for x in result:
  File "/Users/zouyan/venv/lib/python3.6/site-packages/scrapy/spidermiddlewares/referer.py", line 339, in <genexpr>
    return (_set_referer(r) for r in result or ())
  File "/Users/zouyan/venv/lib/python3.6/site-packages/scrapy/spidermiddlewares/urllength.py", line 37, in <genexpr>
    return (r for r in result or () if _filter(r))
  File "/Users/zouyan/venv/lib/python3.6/site-packages/scrapy/spidermiddlewares/depth.py", line 58, in <genexpr>
    return (r for r in result or () if _filter(r))
  File "/Users/zouyan/IdeaProjects/lianjia/lianjia/spiders/ganji.py", line 52, in parse_item
    name = response.xpath("//h1[@class='detailTitle']/text()").extract()[0]
IndexError: list index out of range
2018-05-02 14:43:42 [scrapy.core.engine] DEBUG: Crawled (200) <GET https://sh.lianjia.com/zufang/107100195097.html> (referer: https://sh.lianjia.com/zufang/beicai/)
2018-05-02 14:43:42 [scrapy.core.scraper] ERROR: Spider error processing <GET https://sh.lianjia.com/zufang/107100195097.html> (referer: https://sh.lianjia.com/zufang/beicai/)
Traceback (most recent call last):
  File "/Users/zouyan/venv/lib/python3.6/site-packages/scrapy/utils/defer.py", line 102, in iter_errback
    yield next(it)
  File "/Users/zouyan/venv/lib/python3.6/site-packages/scrapy/spidermiddlewares/offsite.py", line 30, in process_spider_output
    for x in result:
  File "/Users/zouyan/venv/lib/python3.6/site-packages/scrapy/spidermiddlewares/referer.py", line 339, in <genexpr>
    return (_set_referer(r) for r in result or ())
  File "/Users/zouyan/venv/lib/python3.6/site-packages/scrapy/spidermiddlewares/urllength.py", line 37, in <genexpr>
    return (r for r in result or () if _filter(r))
  File "/Users/zouyan/venv/lib/python3.6/site-packages/scrapy/spidermiddlewares/depth.py", line 58, in <genexpr>
    return (r for r in result or () if _filter(r))
  File "/Users/zouyan/IdeaProjects/lianjia/lianjia/spiders/ganji.py", line 52, in parse_item
    name = response.xpath("//h1[@class='detailTitle']/text()").extract()[0]
IndexError: list index out of range
2018-05-02 14:43:45 [scrapy.core.engine] DEBUG: Crawled (200) <GET https://sh.lianjia.com/zufang/107100167267.html> (referer: https://sh.lianjia.com/zufang/beicai/)
2018-05-02 14:43:45 [scrapy.core.scraper] ERROR: Spider error processing <GET https://sh.lianjia.com/zufang/107100167267.html> (referer: https://sh.lianjia.com/zufang/beicai/)
Traceback (most recent call last):
  File "/Users/zouyan/venv/lib/python3.6/site-packages/scrapy/utils/defer.py", line 102, in iter_errback
    yield next(it)
  File "/Users/zouyan/venv/lib/python3.6/site-packages/scrapy/spidermiddlewares/offsite.py", line 30, in process_spider_output
    for x in result:
  File "/Users/zouyan/venv/lib/python3.6/site-packages/scrapy/spidermiddlewares/referer.py", line 339, in <genexpr>
    return (_set_referer(r) for r in result or ())
  File "/Users/zouyan/venv/lib/python3.6/site-packages/scrapy/spidermiddlewares/urllength.py", line 37, in <genexpr>
    return (r for r in result or () if _filter(r))
  File "/Users/zouyan/venv/lib/python3.6/site-packages/scrapy/spidermiddlewares/depth.py", line 58, in <genexpr>
    return (r for r in result or () if _filter(r))
  File "/Users/zouyan/IdeaProjects/lianjia/lianjia/spiders/ganji.py", line 52, in parse_item
    name = response.xpath("//h1[@class='detailTitle']/text()").extract()[0]
IndexError: list index out of range
2018-05-02 14:43:50 [scrapy.core.engine] DEBUG: Crawled (200) <GET https://sh.lianjia.com/zufang/107100182709.html> (referer: https://sh.lianjia.com/zufang/beicai/)
2018-05-02 14:43:50 [scrapy.core.scraper] ERROR: Spider error processing <GET https://sh.lianjia.com/zufang/107100182709.html> (referer: https://sh.lianjia.com/zufang/beicai/)
Traceback (most recent call last):
  File "/Users/zouyan/venv/lib/python3.6/site-packages/scrapy/utils/defer.py", line 102, in iter_errback
    yield next(it)
  File "/Users/zouyan/venv/lib/python3.6/site-packages/scrapy/spidermiddlewares/offsite.py", line 30, in process_spider_output
    for x in result:
  File "/Users/zouyan/venv/lib/python3.6/site-packages/scrapy/spidermiddlewares/referer.py", line 339, in <genexpr>
    return (_set_referer(r) for r in result or ())
  File "/Users/zouyan/venv/lib/python3.6/site-packages/scrapy/spidermiddlewares/urllength.py", line 37, in <genexpr>
    return (r for r in result or () if _filter(r))
  File "/Users/zouyan/venv/lib/python3.6/site-packages/scrapy/spidermiddlewares/depth.py", line 58, in <genexpr>
    return (r for r in result or () if _filter(r))
  File "/Users/zouyan/IdeaProjects/lianjia/lianjia/spiders/ganji.py", line 52, in parse_item
    name = response.xpath("//h1[@class='detailTitle']/text()").extract()[0]
IndexError: list index out of range
2018-05-02 14:43:52 [scrapy.core.engine] DEBUG: Crawled (200) <GET https://sh.lianjia.com/zufang/107100017749.html> (referer: https://sh.lianjia.com/zufang/beicai/)
2018-05-02 14:43:52 [scrapy.core.scraper] ERROR: Spider error processing <GET https://sh.lianjia.com/zufang/107100017749.html> (referer: https://sh.lianjia.com/zufang/beicai/)
Traceback (most recent call last):
  File "/Users/zouyan/venv/lib/python3.6/site-packages/scrapy/utils/defer.py", line 102, in iter_errback
    yield next(it)
  File "/Users/zouyan/venv/lib/python3.6/site-packages/scrapy/spidermiddlewares/offsite.py", line 30, in process_spider_output
    for x in result:
  File "/Users/zouyan/venv/lib/python3.6/site-packages/scrapy/spidermiddlewares/referer.py", line 339, in <genexpr>
    return (_set_referer(r) for r in result or ())
  File "/Users/zouyan/venv/lib/python3.6/site-packages/scrapy/spidermiddlewares/urllength.py", line 37, in <genexpr>
    return (r for r in result or () if _filter(r))
  File "/Users/zouyan/venv/lib/python3.6/site-packages/scrapy/spidermiddlewares/depth.py", line 58, in <genexpr>
    return (r for r in result or () if _filter(r))
  File "/Users/zouyan/IdeaProjects/lianjia/lianjia/spiders/ganji.py", line 52, in parse_item
    name = response.xpath("//h1[@class='detailTitle']/text()").extract()[0]
IndexError: list index out of range
2018-05-02 14:43:57 [scrapy.core.engine] DEBUG: Crawled (200) <GET https://sh.lianjia.com/zufang/107100053863.html> (referer: https://sh.lianjia.com/zufang/beicai/)
2018-05-02 14:43:57 [scrapy.core.scraper] ERROR: Spider error processing <GET https://sh.lianjia.com/zufang/107100053863.html> (referer: https://sh.lianjia.com/zufang/beicai/)
Traceback (most recent call last):
  File "/Users/zouyan/venv/lib/python3.6/site-packages/scrapy/utils/defer.py", line 102, in iter_errback
    yield next(it)
  File "/Users/zouyan/venv/lib/python3.6/site-packages/scrapy/spidermiddlewares/offsite.py", line 30, in process_spider_output
    for x in result:
  File "/Users/zouyan/venv/lib/python3.6/site-packages/scrapy/spidermiddlewares/referer.py", line 339, in <genexpr>
    return (_set_referer(r) for r in result or ())
  File "/Users/zouyan/venv/lib/python3.6/site-packages/scrapy/spidermiddlewares/urllength.py", line 37, in <genexpr>
    return (r for r in result or () if _filter(r))
  File "/Users/zouyan/venv/lib/python3.6/site-packages/scrapy/spidermiddlewares/depth.py", line 58, in <genexpr>
    return (r for r in result or () if _filter(r))
  File "/Users/zouyan/IdeaProjects/lianjia/lianjia/spiders/ganji.py", line 52, in parse_item
    name = response.xpath("//h1[@class='detailTitle']/text()").extract()[0]
IndexError: list index out of range
2018-05-02 14:44:01 [scrapy.core.engine] DEBUG: Crawled (200) <GET https://sh.lianjia.com/zufang/107100005485.html> (referer: https://sh.lianjia.com/zufang/beicai/)
2018-05-02 14:44:01 [scrapy.core.scraper] ERROR: Spider error processing <GET https://sh.lianjia.com/zufang/107100005485.html> (referer: https://sh.lianjia.com/zufang/beicai/)
Traceback (most recent call last):
  File "/Users/zouyan/venv/lib/python3.6/site-packages/scrapy/utils/defer.py", line 102, in iter_errback
    yield next(it)
  File "/Users/zouyan/venv/lib/python3.6/site-packages/scrapy/spidermiddlewares/offsite.py", line 30, in process_spider_output
    for x in result:
  File "/Users/zouyan/venv/lib/python3.6/site-packages/scrapy/spidermiddlewares/referer.py", line 339, in <genexpr>
    return (_set_referer(r) for r in result or ())
  File "/Users/zouyan/venv/lib/python3.6/site-packages/scrapy/spidermiddlewares/urllength.py", line 37, in <genexpr>
    return (r for r in result or () if _filter(r))
  File "/Users/zouyan/venv/lib/python3.6/site-packages/scrapy/spidermiddlewares/depth.py", line 58, in <genexpr>
    return (r for r in result or () if _filter(r))
  File "/Users/zouyan/IdeaProjects/lianjia/lianjia/spiders/ganji.py", line 52, in parse_item
    name = response.xpath("//h1[@class='detailTitle']/text()").extract()[0]
IndexError: list index out of range
2018-05-02 14:44:04 [scrapy.core.engine] DEBUG: Crawled (200) <GET https://sh.lianjia.com/zufang/107002496938.html> (referer: https://sh.lianjia.com/zufang/beicai/)
2018-05-02 14:44:04 [scrapy.core.scraper] ERROR: Spider error processing <GET https://sh.lianjia.com/zufang/107002496938.html> (referer: https://sh.lianjia.com/zufang/beicai/)
Traceback (most recent call last):
  File "/Users/zouyan/venv/lib/python3.6/site-packages/scrapy/utils/defer.py", line 102, in iter_errback
    yield next(it)
  File "/Users/zouyan/venv/lib/python3.6/site-packages/scrapy/spidermiddlewares/offsite.py", line 30, in process_spider_output
    for x in result:
  File "/Users/zouyan/venv/lib/python3.6/site-packages/scrapy/spidermiddlewares/referer.py", line 339, in <genexpr>
    return (_set_referer(r) for r in result or ())
  File "/Users/zouyan/venv/lib/python3.6/site-packages/scrapy/spidermiddlewares/urllength.py", line 37, in <genexpr>
    return (r for r in result or () if _filter(r))
  File "/Users/zouyan/venv/lib/python3.6/site-packages/scrapy/spidermiddlewares/depth.py", line 58, in <genexpr>
    return (r for r in result or () if _filter(r))
  File "/Users/zouyan/IdeaProjects/lianjia/lianjia/spiders/ganji.py", line 52, in parse_item
    name = response.xpath("//h1[@class='detailTitle']/text()").extract()[0]
IndexError: list index out of range
2018-05-02 14:44:06 [scrapy.extensions.logstats] INFO: Crawled 16 pages (at 16 pages/min), scraped 0 items (at 0 items/min)
2018-05-02 14:44:08 [scrapy.core.engine] DEBUG: Crawled (200) <GET https://sh.lianjia.com/zufang/107100024885.html> (referer: https://sh.lianjia.com/zufang/beicai/)
2018-05-02 14:44:08 [scrapy.core.scraper] ERROR: Spider error processing <GET https://sh.lianjia.com/zufang/107100024885.html> (referer: https://sh.lianjia.com/zufang/beicai/)
Traceback (most recent call last):
  File "/Users/zouyan/venv/lib/python3.6/site-packages/scrapy/utils/defer.py", line 102, in iter_errback
    yield next(it)
  File "/Users/zouyan/venv/lib/python3.6/site-packages/scrapy/spidermiddlewares/offsite.py", line 30, in process_spider_output
    for x in result:
  File "/Users/zouyan/venv/lib/python3.6/site-packages/scrapy/spidermiddlewares/referer.py", line 339, in <genexpr>
    return (_set_referer(r) for r in result or ())
  File "/Users/zouyan/venv/lib/python3.6/site-packages/scrapy/spidermiddlewares/urllength.py", line 37, in <genexpr>
    return (r for r in result or () if _filter(r))
  File "/Users/zouyan/venv/lib/python3.6/site-packages/scrapy/spidermiddlewares/depth.py", line 58, in <genexpr>
    return (r for r in result or () if _filter(r))
  File "/Users/zouyan/IdeaProjects/lianjia/lianjia/spiders/ganji.py", line 52, in parse_item
    name = response.xpath("//h1[@class='detailTitle']/text()").extract()[0]
IndexError: list index out of range
2018-05-02 14:44:12 [scrapy.core.engine] DEBUG: Crawled (200) <GET https://sh.lianjia.com/zufang/107100211215.html> (referer: https://sh.lianjia.com/zufang/beicai/)
2018-05-02 14:44:12 [scrapy.core.scraper] ERROR: Spider error processing <GET https://sh.lianjia.com/zufang/107100211215.html> (referer: https://sh.lianjia.com/zufang/beicai/)
Traceback (most recent call last):
  File "/Users/zouyan/venv/lib/python3.6/site-packages/scrapy/utils/defer.py", line 102, in iter_errback
    yield next(it)
  File "/Users/zouyan/venv/lib/python3.6/site-packages/scrapy/spidermiddlewares/offsite.py", line 30, in process_spider_output
    for x in result:
  File "/Users/zouyan/venv/lib/python3.6/site-packages/scrapy/spidermiddlewares/referer.py", line 339, in <genexpr>
    return (_set_referer(r) for r in result or ())
  File "/Users/zouyan/venv/lib/python3.6/site-packages/scrapy/spidermiddlewares/urllength.py", line 37, in <genexpr>
    return (r for r in result or () if _filter(r))
  File "/Users/zouyan/venv/lib/python3.6/site-packages/scrapy/spidermiddlewares/depth.py", line 58, in <genexpr>
    return (r for r in result or () if _filter(r))
  File "/Users/zouyan/IdeaProjects/lianjia/lianjia/spiders/ganji.py", line 52, in parse_item
    name = response.xpath("//h1[@class='detailTitle']/text()").extract()[0]
IndexError: list index out of range
2018-05-02 14:44:15 [scrapy.core.engine] DEBUG: Crawled (200) <GET https://sh.lianjia.com/zufang/107100222806.html> (referer: https://sh.lianjia.com/zufang/beicai/)
2018-05-02 14:44:15 [scrapy.core.scraper] ERROR: Spider error processing <GET https://sh.lianjia.com/zufang/107100222806.html> (referer: https://sh.lianjia.com/zufang/beicai/)
Traceback (most recent call last):
  File "/Users/zouyan/venv/lib/python3.6/site-packages/scrapy/utils/defer.py", line 102, in iter_errback
    yield next(it)
  File "/Users/zouyan/venv/lib/python3.6/site-packages/scrapy/spidermiddlewares/offsite.py", line 30, in process_spider_output
    for x in result:
  File "/Users/zouyan/venv/lib/python3.6/site-packages/scrapy/spidermiddlewares/referer.py", line 339, in <genexpr>
    return (_set_referer(r) for r in result or ())
  File "/Users/zouyan/venv/lib/python3.6/site-packages/scrapy/spidermiddlewares/urllength.py", line 37, in <genexpr>
    return (r for r in result or () if _filter(r))
  File "/Users/zouyan/venv/lib/python3.6/site-packages/scrapy/spidermiddlewares/depth.py", line 58, in <genexpr>
    return (r for r in result or () if _filter(r))
  File "/Users/zouyan/IdeaProjects/lianjia/lianjia/spiders/ganji.py", line 52, in parse_item
    name = response.xpath("//h1[@class='detailTitle']/text()").extract()[0]
IndexError: list index out of range
2018-05-02 14:44:15 [scrapy.statscollectors] INFO: Dumping Scrapy stats:
{'downloader/request_bytes': 4445,
 'downloader/request_count': 19,
 'downloader/request_method_count/GET': 19,
 'downloader/response_bytes': 380201,
 'downloader/response_count': 19,
 'downloader/response_status_count/200': 19,
 'finish_reason': 'shutdown',
 'finish_time': datetime.datetime(2018, 5, 2, 6, 44, 15, 546000),
 'log_count/DEBUG': 20,
 'log_count/ERROR': 19,
 'log_count/INFO': 10,
 'log_count/WARNING': 1,
 'memusage/max': 61452288,
 'memusage/startup': 47235072,
 'request_depth_max': 1,
 'response_received_count': 19,
 'scheduler/dequeued': 19,
 'scheduler/dequeued/memory': 19,
 'scheduler/enqueued': 31,
 'scheduler/enqueued/memory': 31,
 'spider_exceptions/AttributeError': 1,
 'spider_exceptions/IndexError': 18,
 'start_time': datetime.datetime(2018, 5, 2, 6, 43, 6, 374981)}
2018-05-02 14:44:15 [scrapy.core.engine] INFO: Spider closed (shutdown)
